2021-07-12 21:51:51,126 Connect wallet...
2021-07-12 21:51:51,166 Wallet Connected
2021-07-12 21:51:53,959 WSS is connected : True
2021-07-12 21:51:56,545 scanning transactions....
2021-07-12 21:52:01,262 This is liquidity : 0x096a4872756eea5bf3c81c32b5bb71f6933abfa241539f4cd6957d656df447e4
2021-07-12 21:52:04,360 2.644146680831909
2021-07-12 21:52:04,360 Buy token: 0xb95bdced681b86879b8a4ab460ce29a3f331e1522a09c397459a0f7f7a4b9c0e
2021-07-12 21:55:28,372 Connect wallet...
2021-07-12 21:55:28,392 Wallet Connected
2021-07-12 21:55:30,956 WSS is connected : True
2021-07-12 21:55:33,742 scanning transactions....
2021-07-12 21:55:37,017 This is liquidity : 0x7ee4bfd628b051a6058582121b3d241598e7cd774dab0b164dc225e41ac22011
2021-07-12 21:57:50,827 75.81199216842651
2021-07-12 21:57:51,898 Buy token: 0x1d7944a764cb9b7154418bf1228da8c3ff5b0b5c7498f83e417f137562f99385
2021-07-12 21:59:24,791 Connect wallet...
2021-07-12 21:59:24,798 Wallet Connected
2021-07-12 21:59:27,743 WSS is connected : True
2021-07-12 21:59:30,972 scanning transactions....
2021-07-12 21:59:35,968 This is liquidity : 0x57364891bd9fcb3b02f846c9f536332f203db758a85f3fb37ef98147114d103c
2021-07-12 21:59:41,438 5.147364139556885
2021-07-12 21:59:41,438 Buy token: 0x5ad6b624c3aa4d1eb9ec4a2c8266e03a79a5e5fac649f33380afa1f3b98eed85
2021-07-12 21:59:43,055 Trailing stop 3063043274900176.5
2021-07-12 21:59:43,055 Buy price 3093983105959774
2021-07-12 21:59:43,368 Trailing stop 3063043274900176.5
2021-07-12 21:59:43,368 We are waiting sell moment
2021-07-12 21:59:44,649 Trailing stop 3062997405321200.0
2021-07-12 21:59:44,650 We are waiting sell moment
2021-07-13 01:50:38,742 Connect wallet...
2021-07-13 01:50:38,762 Wallet Connected
2021-07-13 01:50:41,340 WSS is connected : True
2021-07-13 01:50:43,052 scanning transactions....
2021-07-13 01:51:00,357 Connect wallet...
2021-07-13 01:51:00,365 Wallet Connected
2021-07-13 01:51:02,803 WSS is connected : True
2021-07-13 01:51:04,684 scanning transactions....
2021-07-13 01:51:35,450 Connect wallet...
2021-07-13 01:51:35,458 Wallet Connected
2021-07-13 01:51:37,510 WSS is connected : True
2021-07-13 01:51:39,790 scanning transactions....
2021-07-13 23:58:00,790 Connect wallet...
2021-07-13 23:58:02,824 You need 600 TRINI Tokens to use bot.
2021-07-14 00:00:17,125 Connect wallet...
2021-07-14 00:00:18,916 You need 600 TRINI Tokens to use bot.
2021-07-14 00:00:56,555 Connect wallet...
2021-07-14 00:00:58,097 You need 600 TRINI Tokens to use bot.
2021-07-14 01:12:29,390 Connect wallet...
2021-07-14 01:12:31,148 You need 600 TRINI Tokens to use bot.
2021-07-14 01:14:47,495 Connect wallet...
2021-07-14 01:14:47,505 Wallet Connected
2021-07-14 01:14:50,409 WSS is connected : True
2021-07-14 01:14:53,311 scanning transactions....
2021-07-15 21:53:06,990 Connect wallet...
2021-07-15 21:53:07,009 error; when sending a str, it must be a hex string. Got: ' 0x68ce0D4CD32ed76f8Ec66C595b307EA054C32904'
2021-07-15 21:54:15,090 Connect wallet...
2021-07-15 21:54:15,150 Wallet Connected
2021-07-15 21:54:17,756 WSS is connected : True
2021-07-15 21:54:20,026 scanning transactions....
2021-07-17 21:57:08,790 Connect wallet...
2021-07-17 21:57:08,800 Wallet Connected
2021-07-17 21:57:10,917 WSS is connected : True
2021-07-17 21:57:13,978 scanning transactions....
2021-07-17 22:12:13,012 Connect wallet...
2021-07-17 22:12:13,021 Wallet Connected
2021-07-17 22:12:14,403 WSS is connected : True
2021-07-17 22:12:16,064 scanning transactions....
2021-07-17 23:53:21,646 Connect wallet...
2021-07-17 23:53:21,657 Wallet Connected
2021-07-17 23:53:22,503 WSS is connected : True
2021-07-17 23:53:23,654 scanning transactions....
2021-07-18 02:10:29,573 Connect wallet...
2021-07-18 02:10:29,583 Wallet Connected
2021-07-18 02:10:30,443 WSS is connected : True
2021-07-18 02:10:31,625 scanning transactions....
2021-07-18 02:43:05,589 Connect wallet...
2021-07-18 02:43:05,599 Wallet Connected
2021-07-18 02:43:06,442 WSS is connected : True
2021-07-18 02:43:07,628 scanning transactions....
2022-04-10 11:37:06,474 Connect wallet...
2022-04-10 11:37:06,524 Wallet Connected
2022-04-10 11:37:09,354 WSS is connected : True
2022-04-10 11:37:11,674 scanning transactions....
2022-04-10 11:37:48,464 error; release unlocked lock
2022-04-10 11:37:58,077 Connect wallet...
2022-04-10 11:37:58,087 Wallet Connected
2022-04-10 11:38:01,561 WSS is connected : True
2022-04-10 11:38:03,854 scanning transactions....
2022-04-10 13:43:59,816 Connect wallet...
2022-04-10 13:43:59,894 Wallet Connected
2022-04-10 13:44:06,292 WSS is connected : True
2022-04-10 13:44:08,898 scanning transactions....
2022-04-14 12:18:36,418 Connect wallet...
2022-04-14 12:18:36,509 Wallet Connected
2022-04-14 12:18:39,176 WSS is connected : True
2022-04-14 12:18:41,477 scanning transactions....
2022-04-17 14:46:28,392 Connect wallet...
2022-04-17 14:46:28,434 Wallet Connected
2022-04-17 14:46:31,666 WSS is connected : True
2022-04-17 16:35:56,708 Connect wallet...
2022-04-17 16:35:56,732 Wallet Connected
2022-04-17 16:35:59,071 WSS is connected : True
2022-04-17 16:37:01,262 Connect wallet...
2022-04-17 16:37:01,287 Wallet Connected
2022-04-17 16:37:03,628 WSS is connected : True
2022-04-17 16:37:06,059 scanning transactions....
2022-04-17 16:37:42,715 Connect wallet...
2022-04-17 16:37:42,739 Wallet Connected
2022-04-17 16:37:44,998 WSS is connected : True
2022-04-17 16:39:13,988 Connect wallet...
2022-04-17 16:39:14,013 Wallet Connected
2022-04-17 16:39:17,164 WSS is connected : True
2022-04-17 16:39:37,744 14.20201063156128
2022-04-17 16:39:41,366 Buy token: 0xf72145c20eea7b354b00374d06b15c6058a4505aeda374df343765e1c3852949
2022-04-17 16:42:22,469 Connect wallet...
2022-04-17 16:42:22,480 Wallet Connected
2022-04-17 16:42:24,824 WSS is connected : True
2022-04-17 16:42:32,006 5.345701694488525
2022-04-17 16:42:32,006 Buy token: 0x8255a7434499b89b0cc7213eb303dd6873765db1c1212ede9d408875eaef75c1
2022-04-17 16:44:30,673 Connect wallet...
2022-04-17 16:44:30,684 Wallet Connected
2022-04-17 16:44:33,010 WSS is connected : True
2022-04-17 16:44:40,106 5.2968316078186035
2022-04-17 16:44:40,106 Buy token: 0xf3405d6e73375aa734de25d28ba22076fcba6492615551549f833f67cdb49c59
2022-04-17 16:46:10,894 Connect wallet...
2022-04-17 16:46:10,919 Wallet Connected
2022-04-17 16:46:13,250 WSS is connected : True
2022-04-17 16:52:15,884 Connect wallet...
2022-04-17 16:52:15,896 Wallet Connected
2022-04-17 16:52:18,232 WSS is connected : True
2022-04-17 16:52:25,378 5.32874870300293
2022-04-17 16:52:25,379 Buy token: 0x2c182790338baae08ed8879e16d9d01c8372215a8971e8307070210d89da40c8
2022-04-17 16:59:28,745 Connect wallet...
2022-04-17 16:59:28,749 error; [Errno 2] No such file or directory: 'pyuniswap/abi_files_bnb/router.abi'
2022-04-17 17:00:25,858 Connect wallet...
2022-04-17 17:00:35,746 error; 'Token' object has no attribute 'set_gaslimit'
2022-04-17 17:02:47,394 Connect wallet...
2022-04-17 17:02:47,406 Wallet Connected
2022-04-17 17:02:49,718 WSS is connected : True
2022-04-17 17:02:49,724 error; 
Could not identify the intended function with name `swapExactETHForTokens`, positional argument(s) of type `(<class 'int'>, <class 'int'>, <class 'list'>, <class 'str'>, <class 'int'>)` and keyword argument(s) of type `{}`.
Found 1 function(s) with the name `swapExactETHForTokens`: ['swapExactETHForTokens(uint256,address[],address,uint256)']
Function invocation failed due to improper number of arguments.
2022-04-17 17:04:19,046 Connect wallet...
2022-04-17 17:04:19,058 Wallet Connected
2022-04-17 17:04:21,374 WSS is connected : True
2022-04-17 17:04:29,111 5.8812689781188965
2022-04-17 17:04:29,111 Buy token: 0x54a1b4f301508bfaec52a0c4f80cdd2c6dffe82f32ac88a279f953e74f1ead5d
2022-04-17 17:06:33,232 Connect wallet...
2022-04-17 17:06:33,243 Wallet Connected
2022-04-17 17:06:35,577 WSS is connected : True
2022-04-17 17:06:50,493 Sell transaction address 0xd115dae216e1074e27c13dea721fae5bd24647af15f47265bf7612e446123013
2022-04-21 15:05:40,146 Connect wallet...
2022-04-21 15:05:40,160 Wallet Connected
2022-04-21 15:05:43,093 WSS is connected : True
2022-04-21 15:05:46,468 scanning transactions....
